<?xml version="1.0" encoding="UTF-8"?>
<robot generator="Robot 3.1.2 (Python 3.6.9 on linux)" generated="20200304 19:51:01.183" rpa="false">
<suite id="s1" name="Capture Screen" source="/home/admin1/Demo1/PycharmProjects/robotframework[selenium]/testcases/capture_screen.robot">
<test id="s1-t1" name="LoginTC">
<kw name="Open Browser" library="SeleniumLibrary">
<doc>Opens a new browser instance to the optional ``url``.</doc>
<arguments>
<arg>${url}</arg>
<arg>${browser}</arg>
</arguments>
<msg timestamp="20200304 19:51:01.283" level="INFO">Opening browser 'chrome' to base url 'https://www.linkedin.com/home'.</msg>
<status status="PASS" starttime="20200304 19:51:01.283" endtime="20200304 19:51:06.408"></status>
</kw>
<kw name="Maximize Browser Window" library="SeleniumLibrary">
<doc>Maximizes current browser window.</doc>
<status status="PASS" starttime="20200304 19:51:06.409" endtime="20200304 19:51:06.560"></status>
</kw>
<kw name="Sleep" library="BuiltIn">
<doc>Pauses the test executed for the given time.</doc>
<arguments>
<arg>5</arg>
</arguments>
<msg timestamp="20200304 19:51:11.561" level="INFO">Slept 5 seconds</msg>
<status status="PASS" starttime="20200304 19:51:06.561" endtime="20200304 19:51:11.562"></status>
</kw>
<kw name="Click Link" library="SeleniumLibrary">
<doc>Clicks a link identified by ``locator``.</doc>
<arguments>
<arg>xpath://a[@class='nav__button-secondary']</arg>
</arguments>
<msg timestamp="20200304 19:51:11.563" level="INFO">Clicking link 'xpath://a[@class='nav__button-secondary']'.</msg>
<status status="PASS" starttime="20200304 19:51:11.562" endtime="20200304 19:51:11.842"></status>
</kw>
<kw name="Input Text" library="SeleniumLibrary">
<doc>Types the given ``text`` into the text field identified by ``locator``.</doc>
<arguments>
<arg>id:username</arg>
<arg>wankhadechetan281@gmail.com</arg>
</arguments>
<msg timestamp="20200304 19:51:11.842" level="INFO">Typing text 'wankhadechetan281@gmail.com' into text field 'id:username'.</msg>
<status status="PASS" starttime="20200304 19:51:11.842" endtime="20200304 19:51:11.933"></status>
</kw>
<kw name="Input Text" library="SeleniumLibrary">
<doc>Types the given ``text`` into the text field identified by ``locator``.</doc>
<arguments>
<arg>id:password</arg>
<arg>chetan123</arg>
</arguments>
<msg timestamp="20200304 19:51:11.933" level="INFO">Typing text 'chetan123' into text field 'id:password'.</msg>
<status status="PASS" starttime="20200304 19:51:11.933" endtime="20200304 19:51:12.047"></status>
</kw>
<kw name="Click Element" library="SeleniumLibrary">
<doc>Click the element identified by ``locator``.</doc>
<arguments>
<arg>xpath://button[@class='btn__primary--large from__button--floating']</arg>
</arguments>
<msg timestamp="20200304 19:51:12.047" level="INFO">Clicking element 'xpath://button[@class='btn__primary--large from__button--floating']'.</msg>
<status status="PASS" starttime="20200304 19:51:12.047" endtime="20200304 19:51:12.110"></status>
</kw>
<kw name="Sleep" library="BuiltIn">
<doc>Pauses the test executed for the given time.</doc>
<arguments>
<arg>3</arg>
</arguments>
<msg timestamp="20200304 19:51:15.111" level="INFO">Slept 3 seconds</msg>
<status status="PASS" starttime="20200304 19:51:12.110" endtime="20200304 19:51:15.112"></status>
</kw>
<kw name="Capture Element Screenshot" library="SeleniumLibrary">
<doc>Captures a screenshot from the element identified by ``locator`` and embeds it into log file.</doc>
<arguments>
<arg>xpath://img[@id='ember164']</arg>
<arg>/home/admin1/Demo1/PycharmProjects/robotframework[selenium]/env-framework/screenshots/logo.png</arg>
</arguments>
<kw name="Capture Page Screenshot" library="SeleniumLibrary">
<doc>Takes a screenshot of the current page and embeds it into a log file.</doc>
<msg timestamp="20200304 19:51:15.267" level="INFO" html="yes">&lt;/td&gt;&lt;/tr&gt;&lt;tr&gt;&lt;td colspan="3"&gt;&lt;a href="selenium-screenshot-5.png"&gt;&lt;img src="selenium-screenshot-5.png" width="800px"&gt;&lt;/a&gt;</msg>
<status status="PASS" starttime="20200304 19:51:15.126" endtime="20200304 19:51:15.267"></status>
</kw>
<msg timestamp="20200304 19:51:15.268" level="FAIL">Element with locator 'xpath://img[@id='ember164']' not found.</msg>
<status status="FAIL" starttime="20200304 19:51:15.113" endtime="20200304 19:51:15.268"></status>
</kw>
<status status="FAIL" starttime="20200304 19:51:01.283" endtime="20200304 19:51:15.268" critical="yes">Element with locator 'xpath://img[@id='ember164']' not found.</status>
</test>
<status status="FAIL" starttime="20200304 19:51:01.184" endtime="20200304 19:51:15.269"></status>
</suite>
<statistics>
<total>
<stat pass="0" fail="1">Critical Tests</stat>
<stat pass="0" fail="1">All Tests</stat>
</total>
<tag>
</tag>
<suite>
<stat pass="0" fail="1" id="s1" name="Capture Screen">Capture Screen</stat>
</suite>
</statistics>
<errors>
</errors>
</robot>
