<?xml version="1.0" encoding="UTF-8"?>
<robot generator="Robot 3.1.2 (Python 3.6.9 on linux)" generated="20200306 16:52:58.661" rpa="false">
<suite id="s1" name="Tagging" source="/home/admin1/Demo1/PycharmProjects/robotframework[selenium]/testcases/tagging.robot">
<test id="s1-t1" name="TC1 User Registration">
<kw name="Log To Console" library="BuiltIn">
<doc>Logs the given message to the console.</doc>
<arguments>
<arg>This is user registration test</arg>
</arguments>
<status status="PASS" starttime="20200306 16:52:58.759" endtime="20200306 16:52:58.759"></status>
</kw>
<tags>
<tag>regression</tag>
</tags>
<status status="PASS" starttime="20200306 16:52:58.758" endtime="20200306 16:52:58.759" critical="yes"></status>
</test>
<test id="s1-t2" name="TC2 Login">
<kw name="Log To Console" library="BuiltIn">
<doc>Logs the given message to the console.</doc>
<arguments>
<arg>This is login test</arg>
</arguments>
<status status="PASS" starttime="20200306 16:52:58.760" endtime="20200306 16:52:58.760"></status>
</kw>
<tags>
<tag>sanity</tag>
</tags>
<status status="PASS" starttime="20200306 16:52:58.760" endtime="20200306 16:52:58.760" critical="yes"></status>
</test>
<test id="s1-t3" name="TC3 UserDetails">
<kw name="Log To Console" library="BuiltIn">
<doc>Logs the given message to the console.</doc>
<arguments>
<arg>This is UserDetails test</arg>
</arguments>
<status status="PASS" starttime="20200306 16:52:58.761" endtime="20200306 16:52:58.761"></status>
</kw>
<tags>
<tag>regression</tag>
</tags>
<status status="PASS" starttime="20200306 16:52:58.760" endtime="20200306 16:52:58.761" critical="yes"></status>
</test>
<test id="s1-t4" name="TC4 Logout">
<kw name="Log To Console" library="BuiltIn">
<doc>Logs the given message to the console.</doc>
<arguments>
<arg>This is Logout test</arg>
</arguments>
<status status="PASS" starttime="20200306 16:52:58.761" endtime="20200306 16:52:58.762"></status>
</kw>
<tags>
<tag>sanity</tag>
</tags>
<status status="PASS" starttime="20200306 16:52:58.761" endtime="20200306 16:52:58.762" critical="yes"></status>
</test>
<status status="PASS" starttime="20200306 16:52:58.661" endtime="20200306 16:52:58.762"></status>
</suite>
<statistics>
<total>
<stat pass="4" fail="0">Critical Tests</stat>
<stat pass="4" fail="0">All Tests</stat>
</total>
<tag>
<stat pass="2" fail="0">regression</stat>
<stat pass="2" fail="0">sanity</stat>
</tag>
<suite>
<stat pass="4" fail="0" id="s1" name="Tagging">Tagging</stat>
</suite>
</statistics>
<errors>
</errors>
</robot>
