<?xml version="1.0" encoding="UTF-8"?>
<robot generator="Robot 3.1.2 (Python 3.6.9 on linux)" generated="20200307 12:20:31.793" rpa="false">
<suite id="s1" name="Suites">
<suite id="s1-s1" name="Tabbed Window" source="/home/admin1/Demo1/PycharmProjects/robotframework[selenium]/testcases/tabbed_window.robot">
<test id="s1-s1-t1" name="TabbedWindowsTest">
<kw name="Open Browser" library="SeleniumLibrary">
<doc>Opens a new browser instance to the optional ``url``.</doc>
<arguments>
<arg>http://demo.automationtesting.in/Windows.html</arg>
<arg>chrome</arg>
</arguments>
<msg timestamp="20200307 12:20:31.901" level="INFO">Opening browser 'chrome' to base url 'http://demo.automationtesting.in/Windows.html'.</msg>
<status status="PASS" starttime="20200307 12:20:31.901" endtime="20200307 12:20:35.511"></status>
</kw>
<kw name="Maximize Browser Window" library="SeleniumLibrary">
<doc>Maximizes current browser window.</doc>
<status status="PASS" starttime="20200307 12:20:35.511" endtime="20200307 12:20:35.621"></status>
</kw>
<kw name="Click Element" library="SeleniumLibrary">
<doc>Click the element identified by ``locator``.</doc>
<arguments>
<arg>xpath://*[@id="Tabbed"]/a/button</arg>
</arguments>
<msg timestamp="20200307 12:20:35.621" level="INFO">Clicking element 'xpath://*[@id="Tabbed"]/a/button'.</msg>
<status status="PASS" starttime="20200307 12:20:35.621" endtime="20200307 12:20:35.918"></status>
</kw>
<kw name="Select Window" library="SeleniumLibrary">
<doc>DEPRECATED in SeleniumLibrary 4.0. , use `Switch Window` instead.</doc>
<arguments>
<arg>title=Sakinalium | Home</arg>
</arguments>
<status status="PASS" starttime="20200307 12:20:35.918" endtime="20200307 12:20:39.375"></status>
</kw>
<kw name="Click Element" library="SeleniumLibrary">
<doc>Click the element identified by ``locator``.</doc>
<arguments>
<arg>xpath://*[@id="container"]/header/div/div/div[2]/ul/li[4]/a</arg>
</arguments>
<msg timestamp="20200307 12:20:39.376" level="INFO">Clicking element 'xpath://*[@id="container"]/header/div/div/div[2]/ul/li[4]/a'.</msg>
<status status="PASS" starttime="20200307 12:20:39.375" endtime="20200307 12:20:39.925"></status>
</kw>
<kw name="Sleep" library="BuiltIn">
<doc>Pauses the test executed for the given time.</doc>
<arguments>
<arg>3</arg>
</arguments>
<msg timestamp="20200307 12:20:42.926" level="INFO">Slept 3 seconds</msg>
<status status="PASS" starttime="20200307 12:20:39.925" endtime="20200307 12:20:42.926"></status>
</kw>
<kw name="Close All Browsers" library="SeleniumLibrary">
<doc>Closes all open browsers and resets the browser cache.</doc>
<status status="PASS" starttime="20200307 12:20:42.926" endtime="20200307 12:20:42.986"></status>
</kw>
<status status="PASS" starttime="20200307 12:20:31.900" endtime="20200307 12:20:42.986" critical="yes"></status>
</test>
<status status="PASS" starttime="20200307 12:20:31.811" endtime="20200307 12:20:42.987"></status>
</suite>
<status status="PASS" starttime="20200307 12:20:31.794" endtime="20200307 12:20:42.989"></status>
</suite>
<statistics>
<total>
<stat pass="1" fail="0">Critical Tests</stat>
<stat pass="1" fail="0">All Tests</stat>
</total>
<tag>
</tag>
<suite>
<stat pass="1" fail="0" id="s1" name="Suites">Suites</stat>
<stat pass="1" fail="0" id="s1-s1" name="Tabbed Window">Suites.Tabbed Window</stat>
</suite>
</statistics>
<errors>
</errors>
</robot>
