<?xml version="1.0" encoding="UTF-8"?>
<robot generator="Robot 3.1.2 (Python 3.6.9 on linux)" generated="20200307 12:20:31.793" rpa="false">
<suite id="s1" name="Suites">
<suite id="s1-s1" name="Table Demo" source="/home/admin1/Demo1/PycharmProjects/robotframework[selenium]/testcases/table_demo.robot">
<test id="s1-s1-t1" name="TableValidation">
<kw name="Open Browser" library="SeleniumLibrary">
<doc>Opens a new browser instance to the optional ``url``.</doc>
<arguments>
<arg>https://testautomationpractice.blogspot.com/</arg>
<arg>chrome</arg>
</arguments>
<msg timestamp="20200307 12:20:31.901" level="INFO">Opening browser 'chrome' to base url 'https://testautomationpractice.blogspot.com/'.</msg>
<status status="PASS" starttime="20200307 12:20:31.901" endtime="20200307 12:20:37.662"></status>
</kw>
<kw name="Maximize Browser Window" library="SeleniumLibrary">
<doc>Maximizes current browser window.</doc>
<status status="PASS" starttime="20200307 12:20:37.663" endtime="20200307 12:20:37.783"></status>
</kw>
<kw name="Get Element Count" library="SeleniumLibrary">
<doc>Returns the number of elements matching ``locator``.</doc>
<arguments>
<arg>xpath://table[@name="BookTable"]/tbody/tr</arg>
</arguments>
<assign>
<var>${rows}</var>
</assign>
<msg timestamp="20200307 12:20:37.801" level="INFO">${rows} = 0</msg>
<status status="PASS" starttime="20200307 12:20:37.783" endtime="20200307 12:20:37.801"></status>
</kw>
<kw name="Get Element Count" library="SeleniumLibrary">
<doc>Returns the number of elements matching ``locator``.</doc>
<arguments>
<arg>xpath://table[@name="BookTable"]/tbody/tr[1]/th</arg>
</arguments>
<assign>
<var>${cols}</var>
</assign>
<msg timestamp="20200307 12:20:37.816" level="INFO">${cols} = 0</msg>
<status status="PASS" starttime="20200307 12:20:37.801" endtime="20200307 12:20:37.816"></status>
</kw>
<kw name="Log To Console" library="BuiltIn">
<doc>Logs the given message to the console.</doc>
<arguments>
<arg>${rows}</arg>
</arguments>
<status status="PASS" starttime="20200307 12:20:37.816" endtime="20200307 12:20:37.817"></status>
</kw>
<kw name="Log To Console" library="BuiltIn">
<doc>Logs the given message to the console.</doc>
<arguments>
<arg>${cols}</arg>
</arguments>
<status status="PASS" starttime="20200307 12:20:37.817" endtime="20200307 12:20:37.817"></status>
</kw>
<kw name="Get Text" library="SeleniumLibrary">
<doc>Returns the text value of the element identified by ``locator``.</doc>
<arguments>
<arg>xpath://table[@name="BookTable"]/tbody/tr[5]/td[1]</arg>
</arguments>
<assign>
<var>${data}</var>
</assign>
<kw name="Capture Page Screenshot" library="SeleniumLibrary">
<doc>Takes a screenshot of the current page and embeds it into a log file.</doc>
<msg timestamp="20200307 12:20:37.964" level="INFO" html="yes">&lt;/td&gt;&lt;/tr&gt;&lt;tr&gt;&lt;td colspan="3"&gt;&lt;a href="selenium-screenshot-1.png"&gt;&lt;img src="selenium-screenshot-1.png" width="800px"&gt;&lt;/a&gt;</msg>
<status status="PASS" starttime="20200307 12:20:37.831" endtime="20200307 12:20:37.964"></status>
</kw>
<msg timestamp="20200307 12:20:38.047" level="FAIL">Element with locator 'xpath://table[@name="BookTable"]/tbody/tr[5]/td[1]' not found.</msg>
<status status="FAIL" starttime="20200307 12:20:37.817" endtime="20200307 12:20:38.047"></status>
</kw>
<status status="FAIL" starttime="20200307 12:20:31.900" endtime="20200307 12:20:38.047" critical="yes">Element with locator 'xpath://table[@name="BookTable"]/tbody/tr[5]/td[1]' not found.</status>
</test>
<status status="FAIL" starttime="20200307 12:20:31.811" endtime="20200307 12:20:38.048"></status>
</suite>
<status status="FAIL" starttime="20200307 12:20:31.794" endtime="20200307 12:20:38.049"></status>
</suite>
<statistics>
<total>
<stat pass="0" fail="1">Critical Tests</stat>
<stat pass="0" fail="1">All Tests</stat>
</total>
<tag>
</tag>
<suite>
<stat pass="0" fail="1" id="s1" name="Suites">Suites</stat>
<stat pass="0" fail="1" id="s1-s1" name="Table Demo">Suites.Table Demo</stat>
</suite>
</statistics>
<errors>
</errors>
</robot>
