<?xml version="1.0" encoding="UTF-8"?>
<robot generator="Rebot 3.1.2 (Python 3.6.9 on linux)" generated="20200307 12:49:43.548" rpa="false">
<suite id="s1" name="Suites">
<suite id="s1-s1" name="Tabbed Window" source="/home/admin1/Demo1/PycharmProjects/robotframework[selenium]/testcases/tabbed_window.robot">
<test id="s1-s1-t1" name="TabbedWindowsTest">
<kw name="Open Browser" library="SeleniumLibrary">
<doc>Opens a new browser instance to the optional ``url``.</doc>
<arguments>
<arg>http://demo.automationtesting.in/Windows.html</arg>
<arg>chrome</arg>
</arguments>
<msg timestamp="20200307 12:49:32.127" level="INFO">Opening browser 'chrome' to base url 'http://demo.automationtesting.in/Windows.html'.</msg>
<status status="PASS" starttime="20200307 12:49:32.127" endtime="20200307 12:49:35.269"></status>
</kw>
<kw name="Maximize Browser Window" library="SeleniumLibrary">
<doc>Maximizes current browser window.</doc>
<status status="PASS" starttime="20200307 12:49:35.270" endtime="20200307 12:49:35.377"></status>
</kw>
<kw name="Click Element" library="SeleniumLibrary">
<doc>Click the element identified by ``locator``.</doc>
<arguments>
<arg>xpath://*[@id="Tabbed"]/a/button</arg>
</arguments>
<msg timestamp="20200307 12:49:35.377" level="INFO">Clicking element 'xpath://*[@id="Tabbed"]/a/button'.</msg>
<status status="PASS" starttime="20200307 12:49:35.377" endtime="20200307 12:49:35.666"></status>
</kw>
<kw name="Select Window" library="SeleniumLibrary">
<doc>DEPRECATED in SeleniumLibrary 4.0. , use `Switch Window` instead.</doc>
<arguments>
<arg>title=Sakinalium | Home</arg>
</arguments>
<status status="PASS" starttime="20200307 12:49:35.666" endtime="20200307 12:49:39.844"></status>
</kw>
<kw name="Click Element" library="SeleniumLibrary">
<doc>Click the element identified by ``locator``.</doc>
<arguments>
<arg>xpath://*[@id="container"]/header/div/div/div[2]/ul/li[4]/a</arg>
</arguments>
<msg timestamp="20200307 12:49:39.845" level="INFO">Clicking element 'xpath://*[@id="container"]/header/div/div/div[2]/ul/li[4]/a'.</msg>
<status status="PASS" starttime="20200307 12:49:39.844" endtime="20200307 12:49:40.243"></status>
</kw>
<kw name="Sleep" library="BuiltIn">
<doc>Pauses the test executed for the given time.</doc>
<arguments>
<arg>3</arg>
</arguments>
<msg timestamp="20200307 12:49:43.243" level="INFO">Slept 3 seconds</msg>
<status status="PASS" starttime="20200307 12:49:40.243" endtime="20200307 12:49:43.244"></status>
</kw>
<kw name="Close All Browsers" library="SeleniumLibrary">
<doc>Closes all open browsers and resets the browser cache.</doc>
<status status="PASS" starttime="20200307 12:49:43.244" endtime="20200307 12:49:43.304"></status>
</kw>
<status status="PASS" starttime="20200307 12:49:32.126" endtime="20200307 12:49:43.304" critical="yes"></status>
</test>
<status status="PASS" starttime="20200307 12:49:32.043" endtime="20200307 12:49:43.305"></status>
</suite>
<suite id="s1-s2" name="Table Demo" source="/home/admin1/Demo1/PycharmProjects/robotframework[selenium]/testcases/table_demo.robot">
<test id="s1-s2-t1" name="TableValidation">
<kw name="Open Browser" library="SeleniumLibrary">
<doc>Opens a new browser instance to the optional ``url``.</doc>
<arguments>
<arg>https://testautomationpractice.blogspot.com/</arg>
<arg>chrome</arg>
</arguments>
<msg timestamp="20200307 12:49:32.128" level="INFO">Opening browser 'chrome' to base url 'https://testautomationpractice.blogspot.com/'.</msg>
<status status="PASS" starttime="20200307 12:49:32.127" endtime="20200307 12:49:36.363"></status>
</kw>
<kw name="Maximize Browser Window" library="SeleniumLibrary">
<doc>Maximizes current browser window.</doc>
<status status="PASS" starttime="20200307 12:49:36.363" endtime="20200307 12:49:36.473"></status>
</kw>
<kw name="Get Element Count" library="SeleniumLibrary">
<doc>Returns the number of elements matching ``locator``.</doc>
<arguments>
<arg>xpath://table[@name="BookTable"]/tbody/tr</arg>
</arguments>
<assign>
<var>${rows}</var>
</assign>
<msg timestamp="20200307 12:49:36.503" level="INFO">${rows} = 0</msg>
<status status="PASS" starttime="20200307 12:49:36.473" endtime="20200307 12:49:36.503"></status>
</kw>
<kw name="Get Element Count" library="SeleniumLibrary">
<doc>Returns the number of elements matching ``locator``.</doc>
<arguments>
<arg>xpath://table[@name="BookTable"]/tbody/tr[1]/th</arg>
</arguments>
<assign>
<var>${cols}</var>
</assign>
<msg timestamp="20200307 12:49:36.534" level="INFO">${cols} = 0</msg>
<status status="PASS" starttime="20200307 12:49:36.505" endtime="20200307 12:49:36.534"></status>
</kw>
<kw name="Log To Console" library="BuiltIn">
<doc>Logs the given message to the console.</doc>
<arguments>
<arg>${rows}</arg>
</arguments>
<status status="PASS" starttime="20200307 12:49:36.534" endtime="20200307 12:49:36.534"></status>
</kw>
<kw name="Log To Console" library="BuiltIn">
<doc>Logs the given message to the console.</doc>
<arguments>
<arg>${cols}</arg>
</arguments>
<status status="PASS" starttime="20200307 12:49:36.535" endtime="20200307 12:49:36.535"></status>
</kw>
<kw name="Get Text" library="SeleniumLibrary">
<doc>Returns the text value of the element identified by ``locator``.</doc>
<arguments>
<arg>xpath://table[@name="BookTable"]/tbody/tr[5]/td[1]</arg>
</arguments>
<assign>
<var>${data}</var>
</assign>
<kw name="Capture Page Screenshot" library="SeleniumLibrary">
<doc>Takes a screenshot of the current page and embeds it into a log file.</doc>
<msg timestamp="20200307 12:49:36.761" level="INFO" html="yes">&lt;/td&gt;&lt;/tr&gt;&lt;tr&gt;&lt;td colspan="3"&gt;&lt;a href="1-selenium-screenshot-1.png"&gt;&lt;img src="1-selenium-screenshot-1.png" width="800px"&gt;&lt;/a&gt;</msg>
<status status="PASS" starttime="20200307 12:49:36.582" endtime="20200307 12:49:36.761"></status>
</kw>
<msg timestamp="20200307 12:49:36.762" level="FAIL">Element with locator 'xpath://table[@name="BookTable"]/tbody/tr[5]/td[1]' not found.</msg>
<status status="FAIL" starttime="20200307 12:49:36.535" endtime="20200307 12:49:36.762"></status>
</kw>
<status status="FAIL" starttime="20200307 12:49:32.127" endtime="20200307 12:49:36.763" critical="yes">Element with locator 'xpath://table[@name="BookTable"]/tbody/tr[5]/td[1]' not found.</status>
</test>
<status status="FAIL" starttime="20200307 12:49:32.043" endtime="20200307 12:49:36.764"></status>
</suite>
<doc>[https://pabot.org/?ref=log|Pabot] result from 2 executions.</doc>
<status status="FAIL" starttime="20200307 12:49:32.026" endtime="20200307 12:49:43.306"></status>
</suite>
<statistics>
<total>
<stat pass="1" fail="1">Critical Tests</stat>
<stat pass="1" fail="1">All Tests</stat>
</total>
<tag>
</tag>
<suite>
<stat pass="1" fail="1" id="s1" name="Suites">Suites</stat>
<stat pass="1" fail="0" id="s1-s1" name="Tabbed Window">Suites.Tabbed Window</stat>
<stat pass="0" fail="1" id="s1-s2" name="Table Demo">Suites.Table Demo</stat>
</suite>
</statistics>
<errors>
</errors>
</robot>
